<?xml version="1.0" encoding="UTF-8"?>
<!-- Generated by org.testng.reporters.JUnitXMLReporter -->
<testsuite hostname="LAPTOP-PTRHG6NR" ignored="8" name="Test" tests="2" failures="1" timestamp="16 Mar 2022 12:10:24 GMT" time="31.682" errors="0">
  <testcase name="test" time="0.063" classname="com.crm.Contacts.CreatecontactpomTestng">
    <failure type="java.lang.AssertionError" message="null">
      <![CDATA[java.lang.AssertionError: null
at com.crm.Contacts.CreatecontactpomTestng.test(CreatecontactpomTestng.java:37)
... Removed 27 stack frames]]>
    </failure>
  </testcase> <!-- test -->
  <testcase name="test" time="0.001" classname="com.crm.Organisation.CreateorgTestTestng"/>
  <testcase name="@AfterSuite closedb" time="0.0" classname="com.crm.GenericLibrary.BaseClass">
    <ignored/>
  </testcase> <!-- @AfterSuite closedb -->
  <testcase name="testcontactRegional" time="0.0" classname="com.crm.Contacts.CreatecontactpomTestng">
    <ignored/>
  </testcase> <!-- testcontactRegional -->
  <testcase name="@BeforeSuite connectToDataBase" time="0.0" classname="com.crm.GenericLibrary.BaseClass">
    <ignored/>
  </testcase> <!-- @BeforeSuite connectToDataBase -->
  <testcase name="createOrganizationTest" time="0.0" classname="com.crm.Organisation.CreateorgTestTestng">
    <ignored/>
  </testcase> <!-- createOrganizationTest -->
  <testcase name="createcontact" time="0.0" classname="com.crm.Contacts.CreatecontactpomTestng">
    <ignored/>
  </testcase> <!-- createcontact -->
  <testcase name="testorgRegionalRegression" time="0.0" classname="com.crm.Organisation.CreateorgTestTestng">
    <ignored/>
  </testcase> <!-- testorgRegionalRegression -->
  <testcase name="testRegrestion" time="0.0" classname="com.crm.Organisation.CreateorgTestTestng">
    <ignored/>
  </testcase> <!-- testRegrestion -->
  <testcase name="testRegrestion" time="0.0" classname="com.crm.Contacts.CreatecontactpomTestng">
    <ignored/>
  </testcase> <!-- testRegrestion -->
</testsuite> <!-- Test -->
