<?xml version="1.0" encoding="UTF-8"?>
<testng-results skipped="0" failed="1" ignored="0" total="1" passed="0">
  <reporter-output>
    <line>
      <![CDATA[**db connection successsful**]]>
    </line>
    <line>
      <![CDATA[***browser launch successfull]]>
    </line>
    <line>
      <![CDATA[**********login successfull********]]>
    </line>
    <line>
      <![CDATA[*****browser close successfully*******]]>
    </line>
    <line>
      <![CDATA[=====Database close successdully======]]>
    </line>
  </reporter-output>
  <suite name="Default suite" duration-ms="15534" started-at="2022-03-17T05:45:39Z" finished-at="2022-03-17T05:45:55Z">
    <groups>
    </groups>
    <test name="Default test" duration-ms="15534" started-at="2022-03-17T05:45:39Z" finished-at="2022-03-17T05:45:55Z">
      <class name="Listners.Createorg">
        <test-method status="PASS" signature="connectToDataBase()[pri:0, instance:Listners.Createorg@5700d6b1]" name="connectToDataBase" is-config="true" duration-ms="24" started-at="2022-03-17T05:45:39Z" finished-at="2022-03-17T05:45:39Z">
          <reporter-output>
            <line>
              <![CDATA[**db connection successsful**]]>
            </line>
          </reporter-output>
        </test-method> <!-- connectToDataBase -->
        <test-method status="PASS" signature="launchTheBrowser()[pri:0, instance:Listners.Createorg@5700d6b1]" name="launchTheBrowser" is-config="true" duration-ms="5069" started-at="2022-03-17T05:45:40Z" finished-at="2022-03-17T05:45:45Z">
          <reporter-output>
            <line>
              <![CDATA[***browser launch successfull]]>
            </line>
          </reporter-output>
        </test-method> <!-- launchTheBrowser -->
        <test-method status="PASS" signature="login()[pri:0, instance:Listners.Createorg@5700d6b1]" name="login" is-config="true" duration-ms="5865" started-at="2022-03-17T05:45:45Z" finished-at="2022-03-17T05:45:50Z">
          <reporter-output>
            <line>
              <![CDATA[**********login successfull********]]>
            </line>
          </reporter-output>
        </test-method> <!-- login -->
        <test-method status="FAIL" signature="createOrganizationTest()[pri:0, instance:Listners.Createorg@5700d6b1]" name="createOrganizationTest" duration-ms="2366" started-at="2022-03-17T05:45:50Z" finished-at="2022-03-17T05:45:53Z">
          <exception class="java.lang.NullPointerException">
            <full-stacktrace>
              <![CDATA[java.lang.NullPointerException
at com.crm.GenericLibrary.ExcelFileUtility.readDataFromExcel(ExcelFileUtility.java:29)
at Listners.Createorg.createOrganizationTest(Createorg.java:27)
at sun.reflect.NativeMethodAccessorImpl.invoke0(Native Method)
at sun.reflect.NativeMethodAccessorImpl.invoke(Unknown Source)
at sun.reflect.DelegatingMethodAccessorImpl.invoke(Unknown Source)
at java.lang.reflect.Method.invoke(Unknown Source)
at org.testng.internal.MethodInvocationHelper.invokeMethod(MethodInvocationHelper.java:124)
at org.testng.internal.Invoker.invokeMethod(Invoker.java:583)
at org.testng.internal.Invoker.invokeTestMethod(Invoker.java:719)
at org.testng.internal.Invoker.invokeTestMethods(Invoker.java:989)
at org.testng.internal.TestMethodWorker.invokeTestMethods(TestMethodWorker.java:125)
at org.testng.internal.TestMethodWorker.run(TestMethodWorker.java:109)
at org.testng.TestRunner.privateRun(TestRunner.java:648)
at org.testng.TestRunner.run(TestRunner.java:505)
at org.testng.SuiteRunner.runTest(SuiteRunner.java:455)
at org.testng.SuiteRunner.runSequentially(SuiteRunner.java:450)
at org.testng.SuiteRunner.privateRun(SuiteRunner.java:415)
at org.testng.SuiteRunner.run(SuiteRunner.java:364)
at org.testng.SuiteRunnerWorker.runSuite(SuiteRunnerWorker.java:52)
at org.testng.SuiteRunnerWorker.run(SuiteRunnerWorker.java:84)
at org.testng.TestNG.runSuitesSequentially(TestNG.java:1208)
at org.testng.TestNG.runSuitesLocally(TestNG.java:1137)
at org.testng.TestNG.runSuites(TestNG.java:1049)
at org.testng.TestNG.run(TestNG.java:1017)
at org.testng.remote.AbstractRemoteTestNG.run(AbstractRemoteTestNG.java:114)
at org.testng.remote.RemoteTestNG.initAndRun(RemoteTestNG.java:251)
at org.testng.remote.RemoteTestNG.main(RemoteTestNG.java:77)
]]>
            </full-stacktrace>
          </exception> <!-- java.lang.NullPointerException -->
          <reporter-output>
          </reporter-output>
        </test-method> <!-- createOrganizationTest -->
        <test-method status="PASS" signature="logout()[pri:0, instance:Listners.Createorg@5700d6b1]" name="logout" is-config="true" duration-ms="1390" started-at="2022-03-17T05:45:53Z" finished-at="2022-03-17T05:45:55Z">
          <reporter-output>
          </reporter-output>
        </test-method> <!-- logout -->
        <test-method status="PASS" signature="closeBrowser()[pri:0, instance:Listners.Createorg@5700d6b1]" name="closeBrowser" is-config="true" duration-ms="0" started-at="2022-03-17T05:45:55Z" finished-at="2022-03-17T05:45:55Z">
          <reporter-output>
            <line>
              <![CDATA[*****browser close successfully*******]]>
            </line>
          </reporter-output>
        </test-method> <!-- closeBrowser -->
        <test-method status="PASS" signature="closedb()[pri:0, instance:Listners.Createorg@5700d6b1]" name="closedb" is-config="true" duration-ms="0" started-at="2022-03-17T05:45:56Z" finished-at="2022-03-17T05:45:56Z">
          <reporter-output>
            <line>
              <![CDATA[=====Database close successdully======]]>
            </line>
          </reporter-output>
        </test-method> <!-- closedb -->
      </class> <!-- Listners.Createorg -->
    </test> <!-- Default test -->
  </suite> <!-- Default suite -->
</testng-results>
